<?xml version="1.0" encoding="utf-8"?><testsuites name="pytest tests"><testsuite name="pytest" errors="0" failures="0" skipped="0" tests="98" time="3.703" timestamp="2026-07-17T00:47:59.736590+00:00" hostname="runnervm3jd5f"><testcase classname="tests.test_alert_parser" name="test_parse_buy_alert_normalizes_contract_key" time="0.004" /><testcase classname="tests.test_alert_parser" name="test_parse_sell_alert_captures_percentage" time="0.002" /><testcase classname="tests.test_alert_parser" name="test_parse_unrecognized_message_is_stored_as_unparsed" time="0.002" /><testcase classname="tests.test_alert_parser" name="test_embed_text_is_included_for_parser" time="0.000" /><testcase classname="tests.test_alert_parser_golden" name="test_alert_parser_matches_golden_corpus" time="0.001" /><testcase classname="tests.test_api" name="test_edge_and_pulse_contract_endpoints_are_available" time="0.080" /><testcase classname="tests.test_api" name="test_import_start_step_and_handoff_flow_through_http" time="0.066" /><testcase classname="tests.test_api" name="test_pulse_bot_lifecycle_facade_requires_api_key_and_updates_sim_state" time="0.063" /><testcase classname="tests.test_archive_backtest_api" name="test_archive_backtest_api_creates_lists_and_exports_run" time="0.073" /><testcase classname="tests.test_archive_backtest_api" name="test_archive_backtest_api_saves_sweep_and_walk_forward_history" time="0.104" /><testcase classname="tests.test_archive_backtesting" name="test_metric_summary_ranks_liquidation_warning_as_unsafe" time="0.000" /><testcase classname="tests.test_archive_backtesting" name="test_crypto_backtest_tracks_costs_excursions_and_liquidation_warning" time="0.000" /><testcase classname="tests.test_archive_backtesting" name="test_stock_backtest_exits_on_take_profit_with_slippage" time="0.000" /><testcase classname="tests.test_archive_backtesting" name="test_options_replay_flags_missing_quote_coverage" time="0.000" /><testcase classname="tests.test_archive_backtesting" name="test_sweep_sorts_safe_profitable_reports_first" time="0.000" /><testcase classname="tests.test_archive_backtesting" name="test_walk_forward_stores_train_and_test_windows" time="0.000" /><testcase classname="tests.test_archive_backtesting" name="test_backtest_store_saves_and_lists_runs" time="0.006" /><testcase classname="tests.test_archive_backtesting" name="test_backtest_exports_include_json_and_csv_rows" time="0.000" /><testcase classname="tests.test_archive_backtesting" name="test_repeated_backtest_records_keep_history_with_same_fingerprint" time="0.001" /><testcase classname="tests.test_archive_presets_and_datasets_api" name="test_archive_presets_are_served_from_backend" time="0.056" /><testcase classname="tests.test_archive_presets_and_datasets_api" name="test_archive_datasets_save_list_and_fetch" time="0.064" /><testcase classname="tests.test_archive_presets_and_datasets_api" name="test_archive_backtest_run_history_filters_and_paginates" time="0.069" /><testcase classname="tests.test_bot_suite_api" name="test_bot_suite_api_saves_plan_and_runs_selected_jobs" time="0.066" /><testcase classname="tests.test_bot_suite_planner" name="test_plan_expands_only_selected_bots_and_test_families" time="0.000" /><testcase classname="tests.test_bot_suite_planner" name="test_full_regression_requires_explicit_profile" time="0.001" /><testcase classname="tests.test_bot_suite_planner" name="test_live_execution_is_rejected" time="0.000" /><testcase classname="tests.test_bot_suite_planner" name="test_repeated_suite_runs_keep_history_with_same_fingerprint" time="0.000" /><testcase classname="tests.test_chrome_discord_bridge" name="test_chrome_bridge_message_records_alert_and_publishes_signal" time="0.096" /><testcase classname="tests.test_chrome_discord_bridge" name="test_chrome_bridge_heartbeat_publishes_health_event" time="0.084" /><testcase classname="tests.test_core" name="test_replay_step_updates_current_prices_and_index" time="0.000" /><testcase classname="tests.test_core" name="test_buy_handoff_opens_position_with_slippage_and_commission" time="0.000" /><testcase classname="tests.test_core" name="test_live_mode_handoff_is_rejected_by_sentinel_archive" time="0.000" /><testcase classname="tests.test_core" name="test_handoff_with_broker_metadata_is_rejected_by_sentinel_archive" time="0.000" /><testcase classname="tests.test_core" name="test_stop_buying_blocks_future_buy_handoffs_for_ticker" time="0.000" /><testcase classname="tests.test_core" name="test_duplicate_handoff_is_idempotent" time="0.000" /><testcase classname="tests.test_core" name="test_trailing_stop_sells_when_price_crosses_trailing_floor" time="0.001" /><testcase classname="tests.test_cross_bot_event_bus" name="test_event_bus_store_publishes_and_reads_recent_events" time="0.001" /><testcase classname="tests.test_cross_bot_event_bus" name="test_bus_routes_accept_and_return_events" time="0.083" /><testcase classname="tests.test_cross_bot_event_bus" name="test_bus_routes_fail_closed_without_configured_secret" time="0.128" /><testcase classname="tests.test_cross_bot_event_bus" name="test_bus_routes_fail_closed_with_weak_configured_secret" time="0.080" /><testcase classname="tests.test_cross_bot_event_bus" name="test_bus_routes_require_matching_secret_header" time="0.086" /><testcase classname="tests.test_cross_bot_event_bus" name="test_recorder_ingest_publishes_discord_message_event" time="0.094" /><testcase classname="tests.test_csv_import" name="test_parse_ohlcv_csv_normalizes_symbols_and_numbers" time="0.000" /><testcase classname="tests.test_csv_import" name="test_parse_ohlcv_csv_rejects_missing_required_columns" time="0.000" /><testcase classname="tests.test_discord_recorder" name="test_handle_message_records_configured_channel_and_drift" time="0.026" /><testcase classname="tests.test_discord_recorder" name="test_handle_message_skips_unconfigured_channel" time="0.016" /><testcase classname="tests.test_discord_recorder" name="test_handle_message_respects_author_filters" time="0.016" /><testcase classname="tests.test_discord_recorder" name="test_test_connection_uses_injected_diagnostics_without_exposing_token" time="0.015" /><testcase classname="tests.test_launcher_lifecycle_static.LauncherLifecycleStaticTests" name="test_browser_window_close_stops_sentinel_archive" time="0.001" /><testcase classname="tests.test_launcher_lifecycle_static.LauncherLifecycleStaticTests" name="test_launcher_close_stops_dedicated_browser_and_server" time="0.001" /><testcase classname="tests.test_launcher_lifecycle_static.LauncherLifecycleStaticTests" name="test_launcher_does_not_silently_fall_back_to_regular_browser_tab" time="0.000" /><testcase classname="tests.test_market_recorder" name="test_parse_option_csv_normalizes_contract_key_and_prices" time="0.000" /><testcase classname="tests.test_market_recorder" name="test_parse_stock_csv_normalizes_symbol_rows" time="0.000" /><testcase classname="tests.test_market_recorder" name="test_price_drift_triggers_on_amount_or_percent_threshold" time="0.000" /><testcase classname="tests.test_market_recorder" name="test_create_snapshot_uses_latest_option_bar_before_alert" time="0.018" /><testcase classname="tests.test_paper_burnin" name="test_simulator_burn_in_reports_order_risk_and_recovery_drills" time="0.001" /><testcase classname="tests.test_paper_burnin" name="test_broker_paper_readiness_fails_closed_without_credentials" time="0.000" /><testcase classname="tests.test_paper_burnin" name="test_burn_in_report_writer_outputs_json_and_markdown" time="0.002" /><testcase classname="tests.test_paper_burnin" name="test_runtime_monitoring_sample_reads_broker_pulse_and_edge_without_secrets" time="0.001" /><testcase classname="tests.test_paper_burnin" name="test_multi_session_monitoring_accumulates_distinct_clean_market_sessions" time="0.001" /><testcase classname="tests.test_paper_burnin" name="test_pulse_reconnect_drill_requires_explicit_flag" time="0.000" /><testcase classname="tests.test_paper_burnin" name="test_pulse_reconnect_drill_disconnects_and_reconnects_when_pulse_is_stopped" time="0.001" /><testcase classname="tests.test_paper_burnin" name="test_alpaca_paper_drill_is_blocked_without_explicit_order_flag" time="0.000" /><testcase classname="tests.test_paper_burnin" name="test_alpaca_paper_drill_submits_cancels_and_records_rejection_without_secrets" time="0.002" /><testcase classname="tests.test_paper_burnin" name="test_alpaca_paper_drill_waits_for_cancelled_burnin_order_to_leave_open_orders" time="0.002" /><testcase classname="tests.test_paper_burnin" name="test_alpaca_market_fill_drill_requires_explicit_fill_flag" time="0.000" /><testcase classname="tests.test_paper_burnin" name="test_alpaca_market_fill_drill_buys_and_sells_one_share_without_secrets" time="0.002" /><testcase classname="tests.test_paper_burnin" name="test_alpaca_market_fill_drill_reconciles_existing_symbol_position" time="0.002" /><testcase classname="tests.test_paper_burnin" name="test_build_report_promotes_broker_lifecycle_after_fill_cancel_reject_and_reconcile" time="0.001" /><testcase classname="tests.test_paper_burnin" name="test_alpaca_mcp_paper_drill_classifies_structured_broker_rejections" time="0.003" /><testcase classname="tests.test_paper_burnin" name="test_alpaca_mcp_reconciliation_allows_recent_fills_when_no_open_state_remains" time="0.003" /><testcase classname="tests.test_paper_burnin" name="test_alpaca_mcp_paper_drill_requires_explicit_order_flag" time="0.000" /><testcase classname="tests.test_paper_burnin" name="test_build_report_can_include_alpaca_mcp_paper_gate" time="0.001" /><testcase classname="tests.test_recorder_api" name="test_recorder_settings_masks_token" time="0.087" /><testcase classname="tests.test_recorder_api" name="test_recorder_settings_accepts_pasted_multi_channel_ids" time="0.085" /><testcase classname="tests.test_recorder_api" name="test_parse_preview_endpoint" time="0.083" /><testcase classname="tests.test_recorder_api" name="test_option_csv_import_endpoint" time="0.129" /><testcase classname="tests.test_recorder_api" name="test_discord_csv_import_reports_invalid_rows_without_failing_file" time="0.092" /><testcase classname="tests.test_recorder_api" name="test_export_endpoint_writes_channel_aware_file" time="0.098" /><testcase classname="tests.test_recorder_api" name="test_replay_events_endpoint_returns_chronological_truth_stream" time="0.099" /><testcase classname="tests.test_recorder_api" name="test_recording_session_start_stop_tags_ingested_messages" time="0.103" /><testcase classname="tests.test_recorder_api" name="test_joined_export_includes_market_snapshot_and_price_drift" time="0.100" /><testcase classname="tests.test_recorder_api" name="test_joined_export_filters_multiple_channels" time="0.124" /><testcase classname="tests.test_recorder_api" name="test_sentinel_echo_replay_endpoint_returns_joined_alert_events" time="0.099" /><testcase classname="tests.test_recorder_api" name="test_sentinel_echo_replay_endpoint_filters_multiple_channel_ids" time="0.163" /><testcase classname="tests.test_recorder_api" name="test_sentinel_echo_test_run_writes_replay_manifest_without_executing" time="0.103" /><testcase classname="tests.test_recorder_api" name="test_sentinel_echo_test_run_filters_multiple_channels" time="0.122" /><testcase classname="tests.test_recording_store" name="test_recorder_settings_masks_token" time="0.000" /><testcase classname="tests.test_recording_store" name="test_contract_key_normalization" time="0.000" /><testcase classname="tests.test_recording_store" name="test_parsed_alert_accepts_unparsed_message" time="0.000" /><testcase classname="tests.test_recording_store" name="test_store_persists_settings_and_masks_token" time="0.016" /><testcase classname="tests.test_recording_store" name="test_store_persists_recording_objects" time="0.023" /><testcase classname="tests.test_recording_store" name="test_store_exports_timestamped_channel_aware_alert_csv" time="0.018" /><testcase classname="tests.test_recording_store" name="test_store_lists_alerts_newest_discord_message_first" time="0.019" /><testcase classname="tests.test_windows_installer_bootstrap_static.WindowsInstallerBootstrapStaticTests" name="test_build_workflow_creates_installer" time="0.001" /><testcase classname="tests.test_windows_installer_bootstrap_static.WindowsInstallerBootstrapStaticTests" name="test_launcher_supports_installed_and_source_modes" time="0.000" /><testcase classname="tests.test_windows_installer_bootstrap_static.WindowsInstallerBootstrapStaticTests" name="test_packaged_entrypoint_uses_env_host_and_port" time="0.000" /><testcase classname="tests.test_windows_installer_bootstrap_static.WindowsInstallerBootstrapStaticTests" name="test_readme_documents_beta_installer_first_run_behavior" time="0.001" /></testsuite></testsuites>