<?xml version="1.0" encoding="utf-8"?><testsuites name="pytest tests"><testsuite name="pytest" errors="0" failures="0" skipped="0" tests="12" time="0.224" timestamp="2026-07-17T00:47:59.236639+00:00" hostname="runnervm3jd5f"><testcase classname="tests.test_brackets" name="test_bracket_exits_use_confirmed_fill_quantity" time="0.001" /><testcase classname="tests.test_broker_catalog" name="test_catalog_contains_major_listed_futures_brokerages" time="0.000" /><testcase classname="tests.test_broker_catalog" name="test_catalog_contains_crypto_futures_companies" time="0.000" /><testcase classname="tests.test_broker_catalog" name="test_aliases_and_registry_resolve" time="0.000" /><testcase classname="tests.test_fill_processor" name="test_execution_idempotency_prevents_double_mutation" time="0.012" /><testcase classname="tests.test_instruments" name="test_instrument_enforces_tick_and_quantity_rules" time="0.000" /><testcase classname="tests.test_lifecycle" name="test_partial_fill_can_arrive_while_cancel_is_pending" time="0.000" /><testcase classname="tests.test_lifecycle" name="test_terminal_order_cannot_reopen" time="0.000" /><testcase classname="tests.test_order_gateway" name="test_gateway_blocks_failed_readiness_before_broker_call" time="0.008" /><testcase classname="tests.test_positions" name="test_position_ledger_handles_reduction_and_side_flip" time="0.000" /><testcase classname="tests.test_readiness" name="test_every_exposure_readiness_gate_is_required" time="0.000" /><testcase classname="tests.test_risk" name="test_reduce_only_cannot_increase_or_reverse_exposure" time="0.000" /></testsuite></testsuites>